<?xml version="1.0" encoding="UTF-8"?>
<!-- Generated by org.testng.reporters.JUnitXMLReporter -->
<testsuite ignored="0" hostname="DESKTOP-45OVN92" failures="1" tests="3" name="Test Automation" time="11.402" errors="0" timestamp="2022-09-26T14:06:51 IST">
  <testcase classname="testclass.Facebooklogin_Test" name="login_user" time="0.059">
    <skipped/>
  </testcase> <!-- login_user -->
  <testcase classname="testclass.Facebooklogin_Test" name="login_user" time="0.002">
    <skipped/>
  </testcase> <!-- login_user -->
  <testcase classname="testclass.Facebooklogin_Test" name="login_user" time="0.005">
    <failure type="java.lang.NullPointerException" message="Cannot invoke &amp;quot;org.openqa.selenium.SearchContext.findElement(org.openqa.selenium.By)&amp;quot; because &amp;quot;this.searchContext&amp;quot; is null">
      <![CDATA[java.lang.NullPointerException: Cannot invoke "org.openqa.selenium.SearchContext.findElement(org.openqa.selenium.By)" because "this.searchContext" is null
at org.openqa.selenium.support.pagefactory.DefaultElementLocator.findElement(DefaultElementLocator.java:70)
at org.openqa.selenium.support.pagefactory.internal.LocatingElementHandler.invoke(LocatingElementHandler.java:39)
at jdk.proxy2/jdk.proxy2.$Proxy21.sendKeys(Unknown Source)
at pageObjects.FacebookLogin_POM.enter_UserName(FacebookLogin_POM.java:25)
at testclass.Facebooklogin_Test.login_user(Facebooklogin_Test.java:24)
at java.base/java.util.ArrayList.forEach(ArrayList.java:1511)
... Removed 27 stack frames]]>
    </failure>
  </testcase> <!-- login_user -->
</testsuite> <!-- Test Automation -->
